10 B
You will never meet.
0 A
You will never meet.
You will never meet.
You will never meet.
You will never meet.
You will never meet.
You will never meet.
You will never meet.
389 S
You will never meet.
You will never meet.
314 Y
You will never meet.
You will never meet.
You will never meet.
You will never meet.
You will never meet.
You will never meet.
You will never meet.
You will never meet.
You will never meet.
You will never meet.
You will never meet.
424 D
You will never meet.
You will never meet.
You will never meet.
You will never meet.
You will never meet.
You will never meet.
You will never meet.
You will never meet.
You will never meet.
You will never meet.
You will never meet.
You will never meet.
You will never meet.
You will never meet.
You will never meet.
You will never meet.
You will never meet.
194 N
544 J
You will never meet.
You will never meet.
You will never meet.
You will never meet.
You will never meet.
You will never meet.
You will never meet.
You will never meet.
You will never meet.
You will never meet.
You will never meet.
You will never meet.
You will never meet.
You will never meet.
You will never meet.
You will never meet.
You will never meet.
You will never meet.
You will never meet.
You will never meet.
You will never meet.
You will never meet.
You will never meet.
You will never meet.
You will never meet.
You will never meet.
You will never meet.
You will never meet.
You will never meet.
You will never meet.
471 B
You will never meet.
You will never meet.
You will never meet.
You will never meet.
You will never meet.
You will never meet.
You will never meet.
You will never meet.
0 C
You will never meet.
You will never meet.
You will never meet.
You will never meet.
You will never meet.
You will never meet.
You will never meet.
You will never meet.
262 W
You will never meet.
You will never meet.
You will never meet.
You will never meet.
You will never meet.
You will never meet.
You will never meet.
You will never meet.
0 D
You will never meet.
You will never meet.
You will never meet.
You will never meet.
You will never meet.
You will never meet.
You will never meet.
You will never meet.
You will never meet.
You will never meet.
You will never meet.
You will never meet.
You will never meet.
You will never meet.
You will never meet.
You will never meet.
You will never meet.
You will never meet.
You will never meet.
You will never meet.
You will never meet.
You will never meet.
You will never meet.
You will never meet.
You will never meet.
You will never meet.
You will never meet.
You will never meet.
You will never meet.
You will never meet.
You will never meet.
You will never meet.
You will never meet.
You will never meet.
You will never meet.
You will never meet.
You will never meet.
You will never meet.
You will never meet.
You will never meet.
You will never meet.
You will never meet.
You will never meet.
0 S
98 M
You will never meet.
You will never meet.
You will never meet.
You will never meet.
You will never meet.
You will never meet.
You will never meet.
You will never meet.
You will never meet.
You will never meet.
You will never meet.
You will never meet.
492 J
You will never meet.
You will never meet.
You will never meet.
You will never meet.
You will never meet.
You will never meet.
You will never meet.
You will never meet.
0 C
You will never meet.
You will never meet.
You will never meet.
You will never meet.
You will never meet.
You will never meet.
You will never meet.
You will never meet.
You will never meet.
You will never meet.
You will never meet.
You will never meet.
You will never meet.
You will never meet.
You will never meet.
You will never meet.
You will never meet.
You will never meet.
You will never meet.
You will never meet.
You will never meet.
You will never meet.
You will never meet.
You will never meet.
You will never meet.
You will never meet.
You will never meet.
You will never meet.
0 H
You will never meet.
You will never meet.
You will never meet.
You will never meet.
You will never meet.
You will never meet.
You will never meet.
You will never meet.
You will never meet.
You will never meet.
You will never meet.
You will never meet.
You will never meet.
You will never meet.
You will never meet.
559 U
You will never meet.
You will never meet.
You will never meet.
You will never meet.
You will never meet.
You will never meet.
610 V
You will never meet.
You will never meet.
You will never meet.
You will never meet.
You will never meet.
You will never meet.
You will never meet.
You will never meet.
You will never meet.
You will never meet.
You will never meet.
You will never meet.
You will never meet.
You will never meet.
You will never meet.
You will never meet.
You will never meet.
You will never meet.
You will never meet.
You will never meet.
You will never meet.
You will never meet.
You will never meet.
You will never meet.
482 E
You will never meet.
You will never meet.
You will never meet.
You will never meet.
You will never meet.
You will never meet.
You will never meet.
You will never meet.
You will never meet.
You will never meet.
You will never meet.
You will never meet.
You will never meet.
You will never meet.
You will never meet.
You will never meet.
You will never meet.
You will never meet.
You will never meet.
You will never meet.
You will never meet.
1038 L
You will never meet.
You will never meet.
You will never meet.
You will never meet.
You will never meet.
You will never meet.
You will never meet.
You will never meet.
You will never meet.
You will never meet.
You will never meet.
0 K
You will never meet.
You will never meet.
294 C
You will never meet.
You will never meet.
You will never meet.
You will never meet.
You will never meet.
You will never meet.
You will never meet.
You will never meet.
You will never meet.
You will never meet.
You will never meet.
You will never meet.
You will never meet.
You will never meet.
You will never meet.
You will never meet.
You will never meet.
You will never meet.
You will never meet.
You will never meet.
You will never meet.
You will never meet.
You will never meet.
You will never meet.
You will never meet.
You will never meet.
You will never meet.
You will never meet.
You will never meet.
You will never meet.
You will never meet.
496 K
You will never meet.
You will never meet.
You will never meet.
You will never meet.
You will never meet.
You will never meet.
491 J
You will never meet.
You will never meet.
You will never meet.
You will never meet.
You will never meet.
You will never meet.
You will never meet.
360 G
You will never meet.
You will never meet.
You will never meet.
You will never meet.
You will never meet.
You will never meet.
You will never meet.
You will never meet.
You will never meet.
You will never meet.
You will never meet.
You will never meet.
You will never meet.
758 Q
You will never meet.
You will never meet.
You will never meet.
You will never meet.
You will never meet.
You will never meet.
You will never meet.
You will never meet.
1101 F
You will never meet.
226 E
You will never meet.
You will never meet.
You will never meet.
You will never meet.
You will never meet.
You will never meet.
0 K
You will never meet.
You will never meet.
You will never meet.
305 O
You will never meet.
You will never meet.
0 V
You will never meet.
827 M
You will never meet.
You will never meet.
You will never meet.
You will never meet.
You will never meet.
You will never meet.
You will never meet.
You will never meet.
You will never meet.
You will never meet.
You will never meet.
You will never meet.
You will never meet.
You will never meet.
0 U
0 W
0 K
412 D
You will never meet.
You will never meet.
You will never meet.
You will never meet.
You will never meet.
You will never meet.
You will never meet.
You will never meet.
You will never meet.
You will never meet.
You will never meet.
You will never meet.
0 E
You will never meet.
You will never meet.
0 N
You will never meet.
You will never meet.
You will never meet.
You will never meet.
You will never meet.
You will never meet.
You will never meet.
You will never meet.
You will never meet.
You will never meet.
You will never meet.
You will never meet.
232 S
You will never meet.
You will never meet.
You will never meet.
You will never meet.
You will never meet.
You will never meet.
You will never meet.
You will never meet.
You will never meet.
You will never meet.
You will never meet.
You will never meet.
You will never meet.
You will never meet.
You will never meet.
You will never meet.
You will never meet.
0 A
You will never meet.
You will never meet.
You will never meet.
You will never meet.
You will never meet.
You will never meet.
You will never meet.
You will never meet.
You will never meet.
You will never meet.
You will never meet.
You will never meet.
You will never meet.
457 E
You will never meet.
You will never meet.
You will never meet.
You will never meet.
You will never meet.
You will never meet.
You will never meet.
You will never meet.
0 C
You will never meet.
You will never meet.
You will never meet.
You will never meet.
You will never meet.
You will never meet.
403 J
You will never meet.
You will never meet.
You will never meet.
You will never meet.
0 U
You will never meet.
165 E
0 O
You will never meet.
You will never meet.
0 N
You will never meet.
847 I
You will never meet.
You will never meet.
You will never meet.
You will never meet.
You will never meet.
You will never meet.
You will never meet.
You will never meet.
You will never meet.
You will never meet.
You will never meet.
You will never meet.
You will never meet.
You will never meet.
You will never meet.
You will never meet.
You will never meet.
You will never meet.
You will never meet.
You will never meet.
You will never meet.
You will never meet.
You will never meet.
You will never meet.
You will never meet.
You will never meet.
You will never meet.
You will never meet.
You will never meet.
You will never meet.
You will never meet.
You will never meet.
You will never meet.
You will never meet.
You will never meet.
You will never meet.
You will never meet.
You will never meet.
You will never meet.
You will never meet.
You will never meet.
You will never meet.
You will never meet.
You will never meet.
You will never meet.
You will never meet.
You will never meet.
You will never meet.
You will never meet.
You will never meet.
You will never meet.
You will never meet.
You will never meet.
You will never meet.
You will never meet.
You will never meet.
You will never meet.
You will never meet.
You will never meet.
You will never meet.
You will never meet.
0 L
You will never meet.
You will never meet.
You will never meet.
You will never meet.
You will never meet.
You will never meet.
0 Y
You will never meet.
You will never meet.
You will never meet.
You will never meet.
You will never meet.
You will never meet.
You will never meet.
You will never meet.
You will never meet.
You will never meet.
You will never meet.
0 G
You will never meet.
You will never meet.
You will never meet.
You will never meet.
You will never meet.
You will never meet.
0 Q
You will never meet.
You will never meet.
You will never meet.
You will never meet.
You will never meet.
You will never meet.
You will never meet.
You will never meet.
You will never meet.
7 K
You will never meet.
You will never meet.
You will never meet.
You will never meet.
You will never meet.
You will never meet.
You will never meet.
You will never meet.
You will never meet.
You will never meet.
You will never meet.
You will never meet.
You will never meet.
You will never meet.
You will never meet.
You will never meet.
0 D
You will never meet.
0 S
You will never meet.
You will never meet.
You will never meet.
You will never meet.
You will never meet.
You will never meet.
You will never meet.
You will never meet.
You will never meet.
You will never meet.
You will never meet.
You will never meet.
You will never meet.
You will never meet.
You will never meet.
You will never meet.
You will never meet.
You will never meet.
You will never meet.
You will never meet.
You will never meet.
You will never meet.
You will never meet.
You will never meet.
You will never meet.
You will never meet.
You will never meet.
You will never meet.
You will never meet.
You will never meet.
356 L
You will never meet.
You will never meet.
You will never meet.
You will never meet.
You will never meet.
You will never meet.
You will never meet.
You will never meet.
You will never meet.
You will never meet.
You will never meet.
You will never meet.
0 Z
You will never meet.
You will never meet.
You will never meet.
You will never meet.
You will never meet.
You will never meet.
You will never meet.
You will never meet.
You will never meet.
You will never meet.
You will never meet.
You will never meet.
You will never meet.
You will never meet.
You will never meet.
You will never meet.
You will never meet.
You will never meet.
You will never meet.
You will never meet.
You will never meet.
You will never meet.
You will never meet.
You will never meet.
You will never meet.
You will never meet.
You will never meet.
You will never meet.
You will never meet.
You will never meet.
You will never meet.
You will never meet.
You will never meet.
373 U
You will never meet.
782 K
You will never meet.
You will never meet.
You will never meet.
You will never meet.
You will never meet.
You will never meet.
You will never meet.
You will never meet.
You will never meet.
You will never meet.
You will never meet.
You will never meet.
You will never meet.
You will never meet.
You will never meet.
You will never meet.
You will never meet.
You will never meet.
You will never meet.
203 T
You will never meet.
You will never meet.
You will never meet.
You will never meet.
You will never meet.
You will never meet.
1027 R
You will never meet.
You will never meet.
0 O
You will never meet.
You will never meet.
You will never meet.
0 U
172 F
You will never meet.
You will never meet.
You will never meet.
You will never meet.
You will never meet.
You will never meet.
You will never meet.
186 U
You will never meet.
You will never meet.
You will never meet.
You will never meet.
You will never meet.
You will never meet.
You will never meet.
You will never meet.
You will never meet.
You will never meet.
0 G
You will never meet.
You will never meet.
You will never meet.
You will never meet.
You will never meet.
You will never meet.
430 Y
You will never meet.
You will never meet.
299 J
You will never meet.
You will never meet.
You will never meet.
You will never meet.
124 U
You will never meet.
You will never meet.
You will never meet.
You will never meet.
You will never meet.
You will never meet.
You will never meet.
You will never meet.
393 L
You will never meet.
You will never meet.
You will never meet.
683 Z
You will never meet.
You will never meet.
You will never meet.
You will never meet.
You will never meet.
You will never meet.
You will never meet.
You will never meet.
You will never meet.
You will never meet.
You will never meet.
You will never meet.
You will never meet.
You will never meet.
You will never meet.
You will never meet.
You will never meet.
You will never meet.
You will never meet.
You will never meet.
You will never meet.
You will never meet.
You will never meet.
You will never meet.
You will never meet.
You will never meet.
You will never meet.
You will never meet.
576 Y
You will never meet.
You will never meet.
You will never meet.
You will never meet.
You will never meet.
You will never meet.
You will never meet.
You will never meet.
You will never meet.
You will never meet.
You will never meet.
You will never meet.
You will never meet.
You will never meet.
You will never meet.
You will never meet.
0 S
0 W
You will never meet.
You will never meet.
You will never meet.
You will never meet.
60 S
You will never meet.
You will never meet.
You will never meet.
You will never meet.
You will never meet.
You will never meet.
You will never meet.
You will never meet.
You will never meet.
You will never meet.
You will never meet.
You will never meet.
You will never meet.
You will never meet.
You will never meet.
You will never meet.
You will never meet.
0 A
You will never meet.
422 V
You will never meet.
You will never meet.
You will never meet.
You will never meet.
You will never meet.
You will never meet.
You will never meet.
You will never meet.
You will never meet.
920 Z
You will never meet.
You will never meet.
You will never meet.
You will never meet.
You will never meet.
You will never meet.
You will never meet.
You will never meet.
0 L
You will never meet.
You will never meet.
You will never meet.
You will never meet.
You will never meet.
You will never meet.
You will never meet.
You will never meet.
You will never meet.
You will never meet.
You will never meet.
You will never meet.
You will never meet.
You will never meet.
You will never meet.
You will never meet.
You will never meet.
You will never meet.
You will never meet.
You will never meet.
You will never meet.
You will never meet.
You will never meet.
You will never meet.
You will never meet.
You will never meet.
You will never meet.
You will never meet.
You will never meet.
You will never meet.
You will never meet.
You will never meet.
You will never meet.
You will never meet.
You will never meet.
You will never meet.
You will never meet.
You will never meet.
You will never meet.
You will never meet.
You will never meet.
0 K
103 U
0 Z
326 N
You will never meet.
You will never meet.
You will never meet.
You will never meet.
You will never meet.
You will never meet.
You will never meet.
You will never meet.
You will never meet.
You will never meet.
You will never meet.
You will never meet.
You will never meet.
You will never meet.
You will never meet.
You will never meet.
You will never meet.
You will never meet.
You will never meet.
You will never meet.
You will never meet.
You will never meet.
You will never meet.
You will never meet.
You will never meet.
You will never meet.
You will never meet.
You will never meet.
951 S
You will never meet.
You will never meet.
You will never meet.
You will never meet.
You will never meet.
You will never meet.
You will never meet.
You will never meet.
You will never meet.
You will never meet.
You will never meet.
You will never meet.
You will never meet.
You will never meet.
You will never meet.
You will never meet.
You will never meet.
You will never meet.
You will never meet.
You will never meet.
You will never meet.
You will never meet.
You will never meet.
You will never meet.
You will never meet.
You will never meet.
You will never meet.
You will never meet.
You will never meet.
You will never meet.
You will never meet.
You will never meet.
You will never meet.
You will never meet.
You will never meet.
You will never meet.
You will never meet.
You will never meet.
You will never meet.
You will never meet.
You will never meet.
You will never meet.
You will never meet.
You will never meet.
You will never meet.
You will never meet.
You will never meet.
0 G
You will never meet.
You will never meet.
You will never meet.
88 N
You will never meet.
You will never meet.
You will never meet.
You will never meet.
You will never meet.
You will never meet.
You will never meet.
You will never meet.
You will never meet.
You will never meet.
0 W
You will never meet.
You will never meet.
You will never meet.
You will never meet.
You will never meet.
You will never meet.
You will never meet.
You will never meet.
You will never meet.
You will never meet.
You will never meet.
You will never meet.
You will never meet.
You will never meet.
You will never meet.
0 B
