............................................................
............................................................
......................***...****.*...*......................
.....................*...*.*...*.**.**......................
.....................*****.*.....*.*.*......................
.....................*...*.*.....*...*......................
.....................*...*..****.*...*......................
............................................................
............................................................
.......SOUTH.CENTRAL.REGION.PROBLEM.FOUR.SAMPLE.OUTPUT......
............................................................
............................................................
............................................................
............................................................
............................................................
............................................................
............................................................
............................................................
............................................................
.****.*****.*...*.****************..*****.****........*.....
*...*.*.....**..*.*.***.**.*..**.**.**....*...*.......*.....
*.....***...*.*.*...********..****.****...*...*.......*.....
*.....*.....*..**...**..**.*..*..*..**....*...*.......*.....
.****.*****.*...*..***..********.**.*****.****........*****.
............................................................
............................................................
............................................................
............................................................
............................................................
.......****.*****.*...*.*****.*****.****..*****.****........
......*...*.*.....**..*.*.*.*.*.....*...*.*.....*...*.......
......*.....***...*.*.*...*...***...****..***...*...*.......
......*...LI*E.THA*.O**RWR*TES*THROU*H.*EN*ERED.*...*.......
.......****.*****.*...*..***..*****.*...*.*****.****........
............................................................
............................................................
............................................................
............................................................
............................................................
..............SMALL.FONT.LIARIFS.LEFT.JUSTIFIED.ON.ROW.FORTY
.............................ARI............................
............................................................
............................................................
............................................................
............................................................
............................................................
............................................................
............................................................
............................................................
*****........***..*...*.****........*...*..***..****..*...*.
*.*.*.......*...*.**..*.*...*.......*...*.*...*.*...*.*..*..
..*.........*****.*.*.*.*...*.......*.*.*.*...*.****..***...
..*.........*...*.*..**.*...*.......**.**.*...*.*..*..*..*..
.***........*...*.*...*.****........*...*..***..*...*.*...*.
............................................................
.........****...***..*****.*****..***..*...*........***..*..
.........*...*.*...*.*.*.*.*.*.*.*...*.**.**.......*...*.**.
.........****..*...*...*.....*...*...*.*.*.*.......*****.*.*
.........*...*.*...*...*.....*...*...*.*...*.......*...*.*..
.........****...***...***...***...***..*...*.......*...*.*..

------------------------------------------------------------

............................................................
............................................................
............................................................
............................................................
............................................................
............................................................
............................................................
............................................................
............................................................
............................................................
............................................................
............................................................
............................................................
............................................................
............................................................
............................................................
............................................................
............................................................
............................................................
............................................................
............................................................
............................................................
............................................................
............................................................
............................................................
............................................................
............................................................
............................................................
............................................................
............................................................
............................................................
............................................................
............................................................
............................................................
............................................................
............................................................
............................................................
............................................................
............................................................
............................................................
............................................................
............................................................
............................................................
............................................................
............................................................
............................................................
............................................................
............................................................
............................................................
............................................................
............................................................
............................................................
............................................................
............................................................
............................................................
............................................................
............................................................
............................................................
............................................................
............................................................

------------------------------------------------------------

